2026-03-11 11:31:34,699 | INFO | BIST_AI | BIST AI SYSTEM STARTING
2026-03-11 11:31:35,015 | ERROR | BIST_AI | SYSTEM ERROR: cannot import name 'start_bot' from 'telegram_engine' (C:\Users\hsnkl\bist-ai-system\telegram_engine.py)
2026-03-11 11:48:13,217 | INFO | BIST AI SYSTEM STARTING
2026-03-11 11:48:13,217 | INFO | Signal engine started
2026-03-11 11:48:14,161 | INFO | Telegram message sent: BIST AI TEST SIGNAL
2026-03-11 11:48:58,183 | INFO | BIST AI SYSTEM STARTING
2026-03-11 11:48:58,183 | INFO | Signal engine started
2026-03-11 11:48:59,001 | INFO | Telegram message sent: BIST AI TEST SIGNAL
2026-03-11 11:51:15,281 | INFO | BIST AI SYSTEM STARTING
2026-03-11 11:51:15,281 | INFO | Signal engine started
2026-03-11 11:51:15,281 | INFO | Market price fetched: 90
2026-03-11 11:51:16,015 | INFO | Telegram message sent: BEKLE
Fiyat: 90
2026-03-11 11:54:22,552 | INFO | BIST AI SYSTEM STARTING
2026-03-11 11:54:22,552 | INFO | Radar scan started
2026-03-11 11:54:22,552 | INFO | EREGL price fetched: 80
2026-03-11 11:54:22,552 | INFO | THYAO price fetched: 83
2026-03-11 11:54:22,552 | INFO | TUPRS price fetched: 108
2026-03-11 11:54:22,552 | INFO | ASELS price fetched: 99
2026-03-11 11:54:22,552 | INFO | KCHOL price fetched: 115
2026-03-11 11:54:22,552 | INFO | SISE price fetched: 102
2026-03-11 11:54:22,552 | INFO | BIMAS price fetched: 80
2026-03-11 11:54:22,552 | INFO | AKBNK price fetched: 98
2026-03-11 11:54:23,489 | INFO | Telegram message sent: BIST RADAR

TUPRS AL | Fiyat: 108
KCHOL AL | Fiyat: 115
SISE AL | Fiyat: 102
2026-03-11 11:58:35,122 | INFO | BIST AI SYSTEM STARTING
2026-03-11 11:58:35,122 | INFO | BIST Radar started
2026-03-11 11:58:35,122 | INFO | Radar scanning...
2026-03-11 11:58:35,122 | INFO | Radar scan started
2026-03-11 11:58:35,122 | INFO | EREGL price fetched: 96
2026-03-11 11:58:35,122 | INFO | THYAO price fetched: 101
2026-03-11 11:58:35,122 | INFO | TUPRS price fetched: 87
2026-03-11 11:58:35,122 | INFO | ASELS price fetched: 106
2026-03-11 11:58:35,122 | INFO | KCHOL price fetched: 119
2026-03-11 11:58:35,122 | INFO | SISE price fetched: 95
2026-03-11 11:58:35,122 | INFO | BIMAS price fetched: 94
2026-03-11 11:58:35,122 | INFO | AKBNK price fetched: 88
2026-03-11 11:58:36,534 | INFO | Telegram message sent: BIST RADAR

THYAO AL | Fiyat: 101
ASELS AL | Fiyat: 106
KCHOL AL | Fiyat: 119
2026-03-11 11:58:36,534 | INFO | Radar scan completed
2026-03-11 11:58:36,534 | INFO | Next scan in 300 seconds
2026-03-11 12:08:25,390 | INFO | BIST AI SYSTEM STARTING
2026-03-11 12:08:25,391 | INFO | BIST Radar started
2026-03-11 12:08:25,391 | INFO | Radar scanning...
2026-03-11 12:08:25,391 | INFO | BIST radar scan started
2026-03-11 12:08:30,933 | INFO | AKBNK price fetched: 76.05000305175781
2026-03-11 12:08:31,181 | INFO | AKBNK RSI: 32.2
2026-03-11 12:08:31,371 | INFO | ASELS price fetched: 331.75
2026-03-11 12:08:31,593 | INFO | ASELS RSI: 59.43
2026-03-11 12:08:31,786 | INFO | BIMAS price fetched: 683.5
2026-03-11 12:08:31,991 | INFO | BIMAS RSI: 48.1
2026-03-11 12:08:32,195 | INFO | EKGYO price fetched: 21.139999389648438
2026-03-11 12:08:32,398 | INFO | EKGYO RSI: 18.75
2026-03-11 12:08:32,602 | INFO | ENKAI price fetched: 91.69999694824219
2026-03-11 12:08:32,820 | INFO | ENKAI RSI: 32.89
2026-03-11 12:08:33,024 | INFO | EREGL price fetched: 29.040000915527344
2026-03-11 12:08:33,220 | INFO | EREGL RSI: 48.16
2026-03-11 12:08:33,425 | INFO | FROTO price fetched: 112.0999984741211
2026-03-11 12:08:33,632 | INFO | FROTO RSI: 33.95
2026-03-11 12:08:33,839 | INFO | GARAN price fetched: 139.1999969482422
2026-03-11 12:08:34,055 | INFO | GARAN RSI: 33.94
2026-03-11 12:08:34,457 | INFO | HEKTS price fetched: 2.9100000858306885
2026-03-11 12:08:34,661 | INFO | HEKTS RSI: 23.68
2026-03-11 12:08:34,855 | INFO | ISCTR price fetched: 14.520000457763672
2026-03-11 12:08:35,025 | INFO | ISCTR RSI: 33.28
2026-03-11 12:08:35,279 | INFO | KCHOL price fetched: 190.89999389648438
2026-03-11 12:08:35,473 | INFO | KCHOL RSI: 25.88
2026-03-11 12:08:37,927 | ERROR | KOZAA data error: single positional indexer is out-of-bounds
2026-03-11 12:08:39,802 | ERROR | KOZAA RSI error: single positional indexer is out-of-bounds
2026-03-11 12:08:41,506 | ERROR | KOZAL data error: single positional indexer is out-of-bounds
2026-03-11 12:08:42,239 | ERROR | KOZAL RSI error: single positional indexer is out-of-bounds
2026-03-11 12:08:42,451 | INFO | PETKM price fetched: 17.93000030517578
2026-03-11 12:08:42,655 | INFO | PETKM RSI: 54.19
2026-03-11 12:08:42,843 | INFO | PGSUS price fetched: 178.0
2026-03-11 12:08:43,053 | INFO | PGSUS RSI: 25.31
2026-03-11 12:08:43,226 | INFO | SAHOL price fetched: 94.6500015258789
2026-03-11 12:08:43,462 | INFO | SAHOL RSI: 34.98
2026-03-11 12:08:43,778 | INFO | SISE price fetched: 41.79999923706055
2026-03-11 12:08:44,079 | INFO | SISE RSI: 37.02
2026-03-11 12:08:44,284 | INFO | TCELL price fetched: 111.80000305175781
2026-03-11 12:08:44,493 | INFO | TCELL RSI: 32.5
2026-03-11 12:08:44,682 | INFO | THYAO price fetched: 293.0
2026-03-11 12:08:44,899 | INFO | THYAO RSI: 38.73
2026-03-11 12:08:45,105 | INFO | TUPRS price fetched: 251.5
2026-03-11 12:08:45,413 | INFO | TUPRS RSI: 68.7
2026-03-11 12:08:46,505 | INFO | Telegram message sent: BIST RSI RADAR

EKGYO
Fiyat: 21.14
RSI: 18.75

HEKTS
Fiyat: 2.91
RSI: 23.68

KCHOL
Fiyat: 190.9
RSI: 25.88

PGSUS
Fiyat: 178.0
RSI: 25.31
2026-03-11 12:08:46,505 | INFO | Radar scan completed
2026-03-11 12:08:46,505 | INFO | Next scan in 300 seconds
2026-03-11 12:17:07,319 | INFO | BACKTEST SYSTEM STARTING
2026-03-11 12:17:07,319 | INFO | Backtest started for EREGL
2026-03-11 12:17:08,846 | INFO | Backtest EREGL
Trade sayýsý: 17
Win rate: %76.47
Ortalama getiri: %3.94
2026-03-11 12:19:30,658 | INFO | BACKTEST SYSTEM STARTING
2026-03-11 12:19:30,658 | INFO | Backtest started for EREGL
2026-03-11 12:19:32,216 | INFO | Backtest EREGL
Trade sayýsý: 17
Win rate: %76.47
Ortalama getiri: %3.94
2026-03-11 12:21:32,970 | INFO | PORTFOLIO SYSTEM STARTING
2026-03-11 12:21:32,970 | INFO | Portfolio engine started
2026-03-11 12:27:35,389 | INFO | BIST AI SYSTEM STARTING
2026-03-11 12:27:35,389 | INFO | BIST Radar started
2026-03-11 12:27:35,389 | INFO | Radar scanning...
2026-03-11 12:27:35,389 | INFO | BIST AI radar scan started
2026-03-11 12:27:36,526 | INFO | BIST100 EMA50:13076.382339866546 EMA200:12218.388674788896
2026-03-11 12:27:36,729 | INFO | AKBNK price fetched: 76.1500015258789
2026-03-11 12:27:37,143 | INFO | AKBNK RSI:32.3 EMA50:80.64742918494063 EMA200:73.80438023038624
2026-03-11 12:27:37,143 | INFO | Score calculated: 30
2026-03-11 12:27:37,333 | INFO | ASELS price fetched: 334.25
2026-03-11 12:27:37,551 | INFO | ASELS RSI:60.58 EMA50:296.8913852419458 EMA200:257.1377397084033
2026-03-11 12:27:37,551 | INFO | Score calculated: 60
2026-03-11 12:27:37,754 | INFO | BIMAS price fetched: 684.5
2026-03-11 12:27:37,958 | INFO | BIMAS RSI:48.41 EMA50:647.1639272745696 EMA200:601.8109772227191
2026-03-11 12:27:37,958 | INFO | Score calculated: 60
2026-03-11 12:27:38,162 | INFO | EKGYO price fetched: 21.1200008392334
2026-03-11 12:27:38,336 | INFO | EKGYO RSI:18.69 EMA50:22.917757161186447 EMA200:21.819933263278138
2026-03-11 12:27:38,336 | INFO | Score calculated: 70
2026-03-11 12:27:38,572 | INFO | ENKAI price fetched: 91.5999984741211
2026-03-11 12:27:38,777 | INFO | ENKAI RSI:32.82 EMA50:91.90502923531106 EMA200:84.35621831626953
2026-03-11 12:27:38,777 | INFO | Score calculated: 30
2026-03-11 12:27:38,980 | INFO | EREGL price fetched: 29.079999923706055
2026-03-11 12:27:39,183 | INFO | EREGL RSI:48.35 EMA50:28.446494875051595 EMA200:27.18805111843737
2026-03-11 12:27:39,183 | INFO | Score calculated: 60
2026-03-11 12:27:39,387 | INFO | FROTO price fetched: 112.0
2026-03-11 12:27:39,592 | INFO | FROTO RSI:33.82 EMA50:110.90742532983505 EMA200:102.91541351954204
2026-03-11 12:27:39,592 | INFO | Score calculated: 60
2026-03-11 12:27:39,797 | INFO | GARAN price fetched: 139.1999969482422
2026-03-11 12:27:40,002 | INFO | GARAN RSI:33.94 EMA50:149.0822736993941 EMA200:144.58730404108462
2026-03-11 12:27:40,002 | INFO | Score calculated: 30
2026-03-11 12:27:40,200 | INFO | HEKTS price fetched: 2.9200000762939453
2026-03-11 12:27:40,373 | INFO | HEKTS RSI:24.0 EMA50:3.1349436031384976 EMA200:3.240306099891949
2026-03-11 12:27:40,373 | INFO | Score calculated: 40
2026-03-11 12:27:40,610 | INFO | ISCTR price fetched: 14.529999732971191
2026-03-11 12:27:40,818 | INFO | ISCTR RSI:33.33 EMA50:15.577260314247926 EMA200:14.674926249162784
2026-03-11 12:27:40,818 | INFO | Score calculated: 30
2026-03-11 12:27:41,134 | INFO | KCHOL price fetched: 191.10000610351562
2026-03-11 12:27:41,343 | INFO | KCHOL RSI:25.99 EMA50:196.94385229453363 EMA200:186.34381515988176
2026-03-11 12:27:41,359 | INFO | Score calculated: 70
2026-03-11 12:27:43,890 | ERROR | KOZAA data error: single positional indexer is out-of-bounds
2026-03-11 12:27:45,602 | ERROR | KOZAA indicator error: single positional indexer is out-of-bounds
2026-03-11 12:27:46,858 | ERROR | KOZAL data error: single positional indexer is out-of-bounds
2026-03-11 12:27:47,565 | ERROR | KOZAL indicator error: single positional indexer is out-of-bounds
2026-03-11 12:27:47,877 | INFO | PETKM price fetched: 17.889999389648438
2026-03-11 12:27:48,096 | INFO | PETKM RSI:53.91 EMA50:17.949984771717908 EMA200:17.695144625982007
2026-03-11 12:27:48,096 | INFO | Score calculated: 30
2026-03-11 12:27:48,299 | INFO | PGSUS price fetched: 178.10000610351562
2026-03-11 12:27:48,472 | INFO | PGSUS RSI:25.36 EMA50:198.20687212268658 EMA200:204.05066861028513
2026-03-11 12:27:48,472 | INFO | Score calculated: 40
2026-03-11 12:27:48,613 | INFO | SAHOL price fetched: 94.94999694824219
2026-03-11 12:27:48,816 | INFO | SAHOL RSI:35.31 EMA50:97.90025656835424 EMA200:92.17304935949215
2026-03-11 12:27:48,816 | INFO | Score calculated: 30
2026-03-11 12:27:49,116 | INFO | SISE price fetched: 41.880001068115234
2026-03-11 12:27:49,326 | INFO | SISE RSI:37.28 EMA50:42.99073322994816 EMA200:40.58532460273578
2026-03-11 12:27:49,326 | INFO | Score calculated: 30
2026-03-11 12:27:49,514 | INFO | TCELL price fetched: 112.4000015258789
2026-03-11 12:27:49,724 | INFO | TCELL RSI:34.15 EMA50:112.2061457118803 EMA200:105.21336812291983
2026-03-11 12:27:49,724 | INFO | Score calculated: 60
2026-03-11 12:27:49,950 | INFO | THYAO price fetched: 293.5
2026-03-11 12:27:50,139 | INFO | THYAO RSI:38.95 EMA50:301.25811797632775 EMA200:296.1171630237559
2026-03-11 12:27:50,139 | INFO | Score calculated: 30
2026-03-11 12:27:50,440 | INFO | TUPRS price fetched: 251.25
2026-03-11 12:27:50,649 | INFO | TUPRS RSI:68.61 EMA50:223.55502319415726 EMA200:208.7868355603788
2026-03-11 12:27:50,649 | INFO | Score calculated: 60
2026-03-11 12:27:51,772 | INFO | Radar scan completed
2026-03-11 12:27:51,772 | INFO | Next scan in 300 seconds
2026-03-11 12:36:52,689 | INFO | BIST AI SYSTEM STARTING
2026-03-11 12:36:52,689 | INFO | BIST Radar started
2026-03-11 12:36:52,689 | INFO | Radar scanning...
2026-03-11 12:36:52,689 | INFO | BIST AI radar scan started
2026-03-11 12:36:54,044 | INFO | BIST100 EMA50:13076.858260668349 EMA200:12218.555541060025
2026-03-11 12:36:54,286 | INFO | AKBNK price fetched: 76.1500015258789
2026-03-11 12:36:54,506 | INFO | AKBNK RSI:32.3 EMA50:80.64742918494063 EMA200:73.80438023038624
2026-03-11 12:36:54,506 | INFO | Score calculated: 30
2026-03-11 12:36:54,694 | INFO | ASELS price fetched: 334.5
2026-03-11 12:36:54,880 | INFO | ASELS RSI:60.66 EMA50:296.9012480637306 EMA200:257.141185249249
2026-03-11 12:36:54,880 | INFO | Score calculated: 60
2026-03-11 12:36:55,119 | INFO | BIMAS price fetched: 686.0
2026-03-11 12:36:55,315 | INFO | BIMAS RSI:48.85 EMA50:647.2231041977952 EMA200:601.8316503496776
2026-03-11 12:36:55,315 | INFO | Score calculated: 60
2026-03-11 12:36:55,523 | INFO | EKGYO price fetched: 21.1200008392334
2026-03-11 12:36:55,724 | INFO | EKGYO RSI:18.69 EMA50:22.917757161186447 EMA200:21.819933263278138
2026-03-11 12:36:55,724 | INFO | Score calculated: 70
2026-03-11 12:36:55,927 | INFO | ENKAI price fetched: 91.9000015258789
2026-03-11 12:36:56,115 | INFO | ENKAI RSI:33.19 EMA50:91.91489205709588 EMA200:84.35966385711531
2026-03-11 12:36:56,115 | INFO | Score calculated: 30
2026-03-11 12:36:56,334 | INFO | EREGL price fetched: 29.100000381469727
2026-03-11 12:36:56,553 | INFO | EREGL RSI:48.44 EMA50:28.447283918853746 EMA200:27.188326768014008
2026-03-11 12:36:56,553 | INFO | Score calculated: 60
2026-03-11 12:36:56,751 | INFO | FROTO price fetched: 112.19999694824219
2026-03-11 12:36:57,067 | INFO | FROTO RSI:34.19 EMA50:110.91531546686714 EMA200:102.91816991015882
2026-03-11 12:36:57,067 | INFO | Score calculated: 60
2026-03-11 12:36:57,271 | INFO | GARAN price fetched: 139.39999389648438
2026-03-11 12:36:57,460 | INFO | GARAN RSI:34.07 EMA50:149.0901638364262 EMA200:144.5900604317014
2026-03-11 12:36:57,460 | INFO | Score calculated: 30
2026-03-11 12:36:57,669 | INFO | HEKTS price fetched: 2.9100000858306885
2026-03-11 12:36:57,883 | INFO | HEKTS RSI:23.68 EMA50:3.1345490906433415 EMA200:3.240168278389555
2026-03-11 12:36:57,883 | INFO | Score calculated: 40
2026-03-11 12:36:58,056 | INFO | ISCTR price fetched: 14.550000190734863
2026-03-11 12:36:58,292 | INFO | ISCTR RSI:33.45 EMA50:15.578049358050079 EMA200:14.675201898739418
2026-03-11 12:36:58,292 | INFO | Score calculated: 30
2026-03-11 12:36:58,495 | INFO | KCHOL price fetched: 191.1999969482422
2026-03-11 12:36:58,700 | INFO | KCHOL RSI:26.04 EMA50:196.94779706206023 EMA200:186.3451932500406
2026-03-11 12:36:58,700 | INFO | Score calculated: 70
2026-03-11 12:37:01,213 | ERROR | KOZAA data error: single positional indexer is out-of-bounds
2026-03-11 12:37:03,300 | ERROR | KOZAA indicator error: single positional indexer is out-of-bounds
2026-03-11 12:37:04,530 | ERROR | KOZAL data error: single positional indexer is out-of-bounds
2026-03-11 12:37:05,246 | ERROR | KOZAL indicator error: single positional indexer is out-of-bounds
2026-03-11 12:37:05,446 | INFO | PETKM price fetched: 17.940000534057617
2026-03-11 12:37:05,664 | INFO | PETKM RSI:54.26 EMA50:17.951957381223288 EMA200:17.695833749923597
2026-03-11 12:37:05,664 | INFO | Score calculated: 30
2026-03-11 12:37:05,853 | INFO | PGSUS price fetched: 178.1999969482422
2026-03-11 12:37:06,072 | INFO | PGSUS RSI:25.41 EMA50:198.21081689021318 EMA200:204.05204670044398
2026-03-11 12:37:06,072 | INFO | Score calculated: 40
2026-03-11 12:37:06,267 | INFO | SAHOL price fetched: 95.0999984741211
2026-03-11 12:37:06,472 | INFO | SAHOL RSI:35.48 EMA50:97.90617432162303 EMA200:92.17511670502954
2026-03-11 12:37:06,472 | INFO | Score calculated: 30
2026-03-11 12:37:06,786 | INFO | SISE price fetched: 41.939998626708984
2026-03-11 12:37:07,087 | INFO | SISE RSI:37.48 EMA50:42.9931002108599 EMA200:40.58615149889091
2026-03-11 12:37:07,087 | INFO | Score calculated: 30
2026-03-11 12:37:07,306 | INFO | TCELL price fetched: 112.4000015258789
2026-03-11 12:37:07,495 | INFO | TCELL RSI:34.15 EMA50:112.2061457118803 EMA200:105.21336812291983
2026-03-11 12:37:07,495 | INFO | Score calculated: 60
2026-03-11 12:37:07,811 | INFO | THYAO price fetched: 293.5
2026-03-11 12:37:08,016 | INFO | THYAO RSI:38.95 EMA50:301.25811797632775 EMA200:296.1171630237559
2026-03-11 12:37:08,016 | INFO | Score calculated: 30
2026-03-11 12:37:08,187 | INFO | TUPRS price fetched: 252.0
2026-03-11 12:37:08,422 | INFO | TUPRS RSI:68.9 EMA50:223.58461165951172 EMA200:208.79717218291609
2026-03-11 12:37:08,422 | INFO | Score calculated: 60
2026-03-11 12:37:09,445 | INFO | Radar scan completed
2026-03-11 12:37:09,445 | INFO | Next scan in 300 seconds
2026-03-11 12:39:42,679 | INFO | BIST AI SYSTEM STARTING
2026-03-11 12:39:42,679 | INFO | BIST Radar started
2026-03-11 12:39:42,679 | INFO | Radar scanning...
2026-03-11 12:39:42,679 | INFO | BIST AI radar scan started
2026-03-11 12:39:43,779 | INFO | BIST100 EMA50:13077.067781429432 EMA200:12218.62900275364
2026-03-11 12:39:43,968 | INFO | AKBNK price fetched: 76.0999984741211
2026-03-11 12:39:44,171 | INFO | AKBNK RSI:32.25 EMA50:80.64545650018789 EMA200:73.80369108015726
2026-03-11 12:39:44,171 | INFO | Score calculated: 30
2026-03-11 12:39:44,377 | INFO | ASELS price fetched: 334.0
2026-03-11 12:39:44,598 | INFO | ASELS RSI:60.58 EMA50:296.8913852419458 EMA200:257.1377397084033
2026-03-11 12:39:44,598 | INFO | Score calculated: 60
2026-03-11 12:39:44,792 | INFO | BIMAS price fetched: 687.5
2026-03-11 12:39:44,960 | INFO | BIMAS RSI:49.29 EMA50:647.2822811359874 EMA200:601.8523237128683
2026-03-11 12:39:44,960 | INFO | Score calculated: 60
2026-03-11 12:39:45,289 | INFO | EKGYO price fetched: 21.1200008392334
2026-03-11 12:39:45,508 | INFO | EKGYO RSI:18.63 EMA50:22.916968117384297 EMA200:21.8196576137015
2026-03-11 12:39:45,508 | INFO | Score calculated: 70
2026-03-11 12:39:45,712 | INFO | ENKAI price fetched: 91.94999694824219
2026-03-11 12:39:45,917 | INFO | ENKAI RSI:33.19 EMA50:91.91489206524083 EMA200:84.35966392985682
2026-03-11 12:39:45,917 | INFO | Score calculated: 60
2026-03-11 12:39:46,120 | INFO | EREGL price fetched: 29.100000381469727
2026-03-11 12:39:46,423 | INFO | EREGL RSI:48.44 EMA50:28.447283918853746 EMA200:27.188326768014008
2026-03-11 12:39:46,423 | INFO | Score calculated: 60
2026-03-11 12:39:46,625 | INFO | FROTO price fetched: 112.0999984741211
2026-03-11 12:39:46,797 | INFO | FROTO RSI:33.95 EMA50:110.9113703983511 EMA200:102.91679171485043
2026-03-11 12:39:46,797 | INFO | Score calculated: 60
2026-03-11 12:39:47,048 | INFO | GARAN price fetched: 139.39999389648438
2026-03-11 12:39:47,251 | INFO | GARAN RSI:34.07 EMA50:149.0901638364262 EMA200:144.5900604317014
2026-03-11 12:39:47,251 | INFO | Score calculated: 30
2026-03-11 12:39:47,439 | INFO | HEKTS price fetched: 2.9200000762939453
2026-03-11 12:39:47,674 | INFO | HEKTS RSI:24.0 EMA50:3.1349436031384976 EMA200:3.240306099891949
2026-03-11 12:39:47,674 | INFO | Score calculated: 40
2026-03-11 12:39:48,271 | INFO | ISCTR price fetched: 14.550000190734863
2026-03-11 12:39:48,586 | INFO | ISCTR RSI:33.45 EMA50:15.578049358050079 EMA200:14.675201898739418
2026-03-11 12:39:48,586 | INFO | Score calculated: 30
2026-03-11 12:39:48,776 | INFO | KCHOL price fetched: 191.1999969482422
2026-03-11 12:39:49,012 | INFO | KCHOL RSI:26.04 EMA50:196.94779706206023 EMA200:186.3451932500406
2026-03-11 12:39:49,012 | INFO | Score calculated: 70
2026-03-11 12:39:51,640 | ERROR | KOZAA data error: single positional indexer is out-of-bounds
2026-03-11 12:39:53,277 | ERROR | KOZAA indicator error: single positional indexer is out-of-bounds
2026-03-11 12:39:54,718 | ERROR | KOZAL data error: single positional indexer is out-of-bounds
2026-03-11 12:39:55,337 | ERROR | KOZAL indicator error: single positional indexer is out-of-bounds
2026-03-11 12:39:55,543 | INFO | PETKM price fetched: 17.959999084472656
2026-03-11 12:39:55,873 | INFO | PETKM RSI:54.39 EMA50:17.952746349778078 EMA200:17.696109373212842
2026-03-11 12:39:55,873 | INFO | Score calculated: 60
2026-03-11 12:39:56,437 | INFO | PGSUS price fetched: 178.1999969482422
2026-03-11 12:39:56,664 | INFO | PGSUS RSI:25.41 EMA50:198.21081689021318 EMA200:204.05204670044398
2026-03-11 12:39:56,664 | INFO | Score calculated: 40
2026-03-11 12:39:56,874 | INFO | SAHOL price fetched: 95.0999984741211
2026-03-11 12:39:57,297 | INFO | SAHOL RSI:35.48 EMA50:97.90617432162303 EMA200:92.17511670502954
2026-03-11 12:39:57,297 | INFO | Score calculated: 30
2026-03-11 12:39:57,482 | INFO | SISE price fetched: 41.959999084472656
2026-03-11 12:39:57,692 | INFO | SISE RSI:37.54 EMA50:42.99388925466205 EMA200:40.58642714846754
2026-03-11 12:39:57,692 | INFO | Score calculated: 30
2026-03-11 12:39:57,902 | INFO | TCELL price fetched: 112.4000015258789
2026-03-11 12:39:58,099 | INFO | TCELL RSI:34.15 EMA50:112.2061457118803 EMA200:105.21336812291983
2026-03-11 12:39:58,099 | INFO | Score calculated: 60
2026-03-11 12:39:58,415 | INFO | THYAO price fetched: 293.5
2026-03-11 12:39:58,611 | INFO | THYAO RSI:38.95 EMA50:301.25811797632775 EMA200:296.1171630237559
2026-03-11 12:39:58,611 | INFO | Score calculated: 30
2026-03-11 12:39:58,815 | INFO | TUPRS price fetched: 252.5
2026-03-11 12:39:59,129 | INFO | TUPRS RSI:69.09 EMA50:223.60433730308137 EMA200:208.8040632646076
2026-03-11 12:39:59,129 | INFO | Score calculated: 60
2026-03-11 12:40:00,240 | INFO | Radar scan completed
2026-03-11 12:40:00,240 | INFO | Next scan in 300 seconds
2026-03-11 12:40:23,003 | INFO | BIST AI SYSTEM STARTING
2026-03-11 12:40:23,003 | INFO | BIST Radar started
2026-03-11 12:40:23,003 | INFO | Radar scanning...
2026-03-11 12:40:23,003 | INFO | BIST AI radar scan started
2026-03-11 12:40:23,835 | INFO | BIST100 EMA50:13076.9048122739 EMA200:12218.571862878287
2026-03-11 12:40:24,015 | INFO | AKBNK price fetched: 76.0999984741211
2026-03-11 12:40:24,218 | INFO | AKBNK RSI:32.25 EMA50:80.64545650018789 EMA200:73.80369108015726
2026-03-11 12:40:24,218 | INFO | Score calculated: 30
2026-03-11 12:40:24,514 | INFO | ASELS price fetched: 334.25
2026-03-11 12:40:24,718 | INFO | ASELS RSI:60.58 EMA50:296.8913852419458 EMA200:257.1377397084033
2026-03-11 12:40:24,718 | INFO | Score calculated: 60
2026-03-11 12:40:24,926 | INFO | BIMAS price fetched: 687.0
2026-03-11 12:40:25,072 | INFO | BIMAS RSI:49.14 EMA50:647.2625554849345 EMA200:601.8454325130607
2026-03-11 12:40:25,072 | INFO | Score calculated: 60
2026-03-11 12:40:25,318 | INFO | EKGYO price fetched: 21.100000381469727
2026-03-11 12:40:25,544 | INFO | EKGYO RSI:18.63 EMA50:22.916968117384297 EMA200:21.8196576137015
2026-03-11 12:40:25,544 | INFO | Score calculated: 70
2026-03-11 12:40:25,746 | INFO | ENKAI price fetched: 91.8499984741211
2026-03-11 12:40:25,916 | INFO | ENKAI RSI:33.11 EMA50:91.91291938048809 EMA200:84.35897477962784
2026-03-11 12:40:25,916 | INFO | Score calculated: 30
2026-03-11 12:40:26,156 | INFO | EREGL price fetched: 29.1200008392334
2026-03-11 12:40:26,308 | INFO | EREGL RSI:48.54 EMA50:28.4480729626559 EMA200:27.18860241759064
2026-03-11 12:40:26,308 | INFO | Score calculated: 60
2026-03-11 12:40:26,501 | INFO | FROTO price fetched: 112.0
2026-03-11 12:40:26,679 | INFO | FROTO RSI:33.82 EMA50:110.90742532983505 EMA200:102.91541351954204
2026-03-11 12:40:26,679 | INFO | Score calculated: 60
2026-03-11 12:40:26,871 | INFO | GARAN price fetched: 139.39999389648438
2026-03-11 12:40:27,090 | INFO | GARAN RSI:34.07 EMA50:149.0901638364262 EMA200:144.5900604317014
2026-03-11 12:40:27,090 | INFO | Score calculated: 30
2026-03-11 12:40:27,298 | INFO | HEKTS price fetched: 2.9200000762939453
2026-03-11 12:40:27,593 | INFO | HEKTS RSI:24.0 EMA50:3.1349436031384976 EMA200:3.240306099891949
2026-03-11 12:40:27,593 | INFO | Score calculated: 40
2026-03-11 12:40:27,818 | INFO | ISCTR price fetched: 14.539999961853027
2026-03-11 12:40:27,999 | INFO | ISCTR RSI:33.39 EMA50:15.577654836149001 EMA200:14.675064073951102
2026-03-11 12:40:28,003 | INFO | Score calculated: 30
2026-03-11 12:40:28,206 | INFO | KCHOL price fetched: 191.10000610351562
2026-03-11 12:40:28,412 | INFO | KCHOL RSI:25.99 EMA50:196.94385229453363 EMA200:186.34381515988176
2026-03-11 12:40:28,412 | INFO | Score calculated: 70
2026-03-11 12:40:30,852 | ERROR | KOZAA data error: single positional indexer is out-of-bounds
2026-03-11 12:40:32,299 | ERROR | KOZAA indicator error: single positional indexer is out-of-bounds
2026-03-11 12:40:33,409 | ERROR | KOZAL data error: single positional indexer is out-of-bounds
2026-03-11 12:40:33,864 | ERROR | KOZAL indicator error: single positional indexer is out-of-bounds
2026-03-11 12:40:34,020 | INFO | PETKM price fetched: 17.950000762939453
2026-03-11 12:40:34,286 | ERROR | PETKM indicator error: 'NoneType' object is not subscriptable
2026-03-11 12:40:34,443 | INFO | PGSUS price fetched: 178.0
2026-03-11 12:40:34,583 | INFO | PGSUS RSI:25.31 EMA50:198.2029267531811 EMA200:204.04929030982717
2026-03-11 12:40:34,583 | INFO | Score calculated: 40
2026-03-11 12:40:34,755 | INFO | SAHOL price fetched: 95.0
2026-03-11 12:40:34,975 | INFO | SAHOL RSI:35.37 EMA50:97.90222925310698 EMA200:92.17373850972113
2026-03-11 12:40:34,975 | INFO | Score calculated: 30
2026-03-11 12:40:35,258 | INFO | SISE price fetched: 41.939998626708984
2026-03-11 12:40:35,477 | INFO | SISE RSI:37.48 EMA50:42.9931002108599 EMA200:40.58615149889091
2026-03-11 12:40:35,477 | INFO | Score calculated: 30
2026-03-11 12:40:35,681 | INFO | TCELL price fetched: 112.30000305175781
2026-03-11 12:40:35,891 | INFO | TCELL RSI:33.88 EMA50:112.20220064336425 EMA200:105.21198992761144
2026-03-11 12:40:35,891 | INFO | Score calculated: 60
2026-03-11 12:40:36,081 | INFO | THYAO price fetched: 293.5
2026-03-11 12:40:36,304 | INFO | THYAO RSI:38.95 EMA50:301.25811797632775 EMA200:296.1171630237559
2026-03-11 12:40:36,311 | INFO | Score calculated: 30
2026-03-11 12:40:36,501 | INFO | TUPRS price fetched: 252.25
2026-03-11 12:40:36,816 | INFO | TUPRS RSI:68.99 EMA50:223.59447448129654 EMA200:208.80061772376183
2026-03-11 12:40:36,816 | INFO | Score calculated: 60
2026-03-11 12:40:37,924 | INFO | Radar scan completed
2026-03-11 12:40:37,924 | INFO | Next scan in 300 seconds
2026-03-11 12:43:09,677 | INFO | BIST AI SYSTEM STARTING
2026-03-11 12:43:09,677 | INFO | BIST Radar started
2026-03-11 12:43:09,677 | INFO | Radar scanning...
2026-03-11 12:43:09,677 | INFO | BIST AI radar scan started
2026-03-11 12:43:10,839 | INFO | BIST100 EMA50:13077.03583500476 EMA200:12218.617801770743
2026-03-11 12:43:11,030 | INFO | AKBNK price fetched: 76.0
2026-03-11 12:43:11,328 | INFO | AKBNK RSI:32.14 EMA50:80.64151143167184 EMA200:73.80231288484887
2026-03-11 12:43:11,328 | INFO | Score calculated: 30
2026-03-11 12:43:11,633 | INFO | ASELS price fetched: 334.75
2026-03-11 12:43:11,950 | INFO | ASELS RSI:60.74 EMA50:296.9111108855154 EMA200:257.14463079009477
2026-03-11 12:43:11,950 | INFO | Score calculated: 60
2026-03-11 12:43:12,255 | INFO | BIMAS price fetched: 688.5
2026-03-11 12:43:12,558 | INFO | BIMAS RSI:49.58 EMA50:647.3217324156434 EMA200:601.8661057581353
2026-03-11 12:43:12,558 | INFO | Score calculated: 60
2026-03-11 12:43:12,768 | INFO | EKGYO price fetched: 21.079999923706055
2026-03-11 12:43:12,973 | INFO | EKGYO RSI:18.58 EMA50:22.916179073582143 EMA200:21.81938196412487
2026-03-11 12:43:12,973 | INFO | Score calculated: 70
2026-03-11 12:43:13,176 | INFO | ENKAI price fetched: 91.9000015258789
2026-03-11 12:43:13,351 | INFO | ENKAI RSI:33.19 EMA50:91.91489206524083 EMA200:84.35966392985682
2026-03-11 12:43:13,351 | INFO | Score calculated: 30
2026-03-11 12:43:13,539 | INFO | EREGL price fetched: 29.100000381469727
2026-03-11 12:43:13,786 | INFO | EREGL RSI:48.44 EMA50:28.447283918853746 EMA200:27.188326768014008
2026-03-11 12:43:13,786 | INFO | Score calculated: 60
2026-03-11 12:43:13,996 | INFO | FROTO price fetched: 112.0999984741211
2026-03-11 12:43:14,199 | INFO | FROTO RSI:33.95 EMA50:110.9113703983511 EMA200:102.91679171485043
2026-03-11 12:43:14,199 | INFO | Score calculated: 60
2026-03-11 12:43:14,389 | INFO | GARAN price fetched: 139.3000030517578
2026-03-11 12:43:14,612 | INFO | GARAN RSI:34.0 EMA50:149.0862190688996 EMA200:144.58868234154258
2026-03-11 12:43:14,612 | INFO | Score calculated: 30
2026-03-11 12:43:14,813 | INFO | HEKTS price fetched: 2.9200000762939453
2026-03-11 12:43:15,016 | INFO | HEKTS RSI:24.0 EMA50:3.1349436031384976 EMA200:3.240306099891949
2026-03-11 12:43:15,016 | INFO | Score calculated: 40
2026-03-11 12:43:15,219 | INFO | ISCTR price fetched: 14.539999961853027
2026-03-11 12:43:15,429 | INFO | ISCTR RSI:33.39 EMA50:15.577654836149001 EMA200:14.675064073951102
2026-03-11 12:43:15,429 | INFO | Score calculated: 30
2026-03-11 12:43:15,726 | INFO | KCHOL price fetched: 191.10000610351562
2026-03-11 12:43:15,932 | INFO | KCHOL RSI:25.99 EMA50:196.94385229453363 EMA200:186.34381515988176
2026-03-11 12:43:15,932 | INFO | Score calculated: 70
2026-03-11 12:43:19,108 | ERROR | KOZAA data error: single positional indexer is out-of-bounds
2026-03-11 12:43:20,943 | ERROR | KOZAA indicator error: single positional indexer is out-of-bounds
2026-03-11 12:43:22,378 | ERROR | KOZAL data error: single positional indexer is out-of-bounds
2026-03-11 12:43:23,101 | ERROR | KOZAL indicator error: single positional indexer is out-of-bounds
2026-03-11 12:43:23,304 | INFO | PETKM price fetched: 17.93000030517578
2026-03-11 12:43:23,516 | INFO | PETKM RSI:54.19 EMA50:17.95156285932221 EMA200:17.69569592513528
2026-03-11 12:43:23,516 | INFO | Score calculated: 30
2026-03-11 12:43:23,715 | INFO | PGSUS price fetched: 178.1999969482422
2026-03-11 12:43:23,921 | INFO | PGSUS RSI:25.41 EMA50:198.21081689021318 EMA200:204.05204670044398
2026-03-11 12:43:23,921 | INFO | Score calculated: 40
2026-03-11 12:43:24,127 | INFO | SAHOL price fetched: 94.94999694824219
2026-03-11 12:43:24,331 | INFO | SAHOL RSI:35.31 EMA50:97.90025656835424 EMA200:92.17304935949215
2026-03-11 12:43:24,331 | INFO | Score calculated: 30
2026-03-11 12:43:24,536 | INFO | SISE price fetched: 41.91999816894531
2026-03-11 12:43:24,744 | INFO | SISE RSI:37.41 EMA50:42.99231116705775 EMA200:40.58587584931427
2026-03-11 12:43:24,744 | INFO | Score calculated: 30
2026-03-11 12:43:24,947 | INFO | TCELL price fetched: 112.19999694824219
2026-03-11 12:43:25,260 | INFO | TCELL RSI:33.61 EMA50:112.19825527385878 EMA200:105.21061162715348
2026-03-11 12:43:25,260 | INFO | Score calculated: 60
2026-03-11 12:43:25,450 | INFO | THYAO price fetched: 293.5
2026-03-11 12:43:25,658 | INFO | THYAO RSI:38.95 EMA50:301.25811797632775 EMA200:296.1171630237559
2026-03-11 12:43:25,658 | INFO | Score calculated: 30
2026-03-11 12:43:25,868 | INFO | TUPRS price fetched: 252.25
2026-03-11 12:43:26,071 | INFO | TUPRS RSI:68.99 EMA50:223.59447448129654 EMA200:208.80061772376183
2026-03-11 12:43:26,071 | INFO | Score calculated: 60
2026-03-11 12:43:27,097 | INFO | Radar scan completed
2026-03-11 12:43:27,097 | INFO | Next scan in 300 seconds
2026-03-11 12:52:57,378 | INFO | BIST AI SYSTEM STARTING
2026-03-11 12:52:57,378 | INFO | BIST Radar started
2026-03-11 12:52:57,394 | INFO | Radar scanning...
2026-03-11 12:52:57,394 | INFO | BIST AI radar scan started
2026-03-11 12:52:59,217 | INFO | BIST100 EMA50:13076.32908298006 EMA200:12218.370001980255
2026-03-11 12:52:59,515 | INFO | AKBNK price fetched: 75.75
2026-03-11 12:52:59,719 | INFO | AKBNK RSI:31.88 EMA50:80.63164860988702 EMA200:73.79886734400311
2026-03-11 12:52:59,719 | INFO | Score calculated: 30
2026-03-11 12:52:59,922 | INFO | ASELS price fetched: 334.75
2026-03-11 12:53:00,144 | INFO | ASELS RSI:60.74 EMA50:296.9111108855154 EMA200:257.14463079009477
2026-03-11 12:53:00,144 | INFO | Score calculated: 60
2026-03-11 12:53:00,742 | INFO | BIMAS price fetched: 687.5
2026-03-11 12:53:01,057 | INFO | BIMAS RSI:49.29 EMA50:647.2822811359874 EMA200:601.8523237128683
2026-03-11 12:53:01,057 | INFO | Score calculated: 60
2026-03-11 12:53:01,262 | INFO | EKGYO price fetched: 21.079999923706055
2026-03-11 12:53:01,469 | INFO | EKGYO RSI:18.58 EMA50:22.916179073582143 EMA200:21.81938196412487
2026-03-11 12:53:01,470 | INFO | Score calculated: 70
2026-03-11 12:53:01,679 | INFO | ENKAI price fetched: 91.69999694824219
2026-03-11 12:53:01,884 | INFO | ENKAI RSI:32.89 EMA50:91.90700162721932 EMA200:84.35690743409047
2026-03-11 12:53:01,884 | INFO | Score calculated: 30
2026-03-11 12:53:02,183 | INFO | EREGL price fetched: 29.059999465942383
2026-03-11 12:53:02,591 | INFO | EREGL RSI:48.26 EMA50:28.445705831249445 EMA200:27.187775468860735
2026-03-11 12:53:02,591 | INFO | Score calculated: 60
2026-03-11 12:53:02,890 | INFO | FROTO price fetched: 111.9000015258789
2026-03-11 12:53:03,100 | INFO | FROTO RSI:33.7 EMA50:110.90348026131902 EMA200:102.91403532423364
2026-03-11 12:53:03,100 | INFO | Score calculated: 60
2026-03-11 12:53:03,413 | INFO | GARAN price fetched: 139.10000610351562
2026-03-11 12:53:03,571 | INFO | GARAN RSI:33.87 EMA50:149.0783289318675 EMA200:144.5859259509258
2026-03-11 12:53:03,571 | INFO | Score calculated: 30
2026-03-11 12:53:03,730 | INFO | HEKTS price fetched: 2.9100000858306885
2026-03-11 12:53:03,917 | INFO | HEKTS RSI:23.68 EMA50:3.1345490906433415 EMA200:3.240168278389555
2026-03-11 12:53:03,917 | INFO | Score calculated: 40
2026-03-11 12:53:04,221 | INFO | ISCTR price fetched: 14.5
2026-03-11 12:53:04,425 | INFO | ISCTR RSI:33.16 EMA50:15.576076786168377 EMA200:14.674512787941527
2026-03-11 12:53:04,425 | INFO | Score calculated: 30
2026-03-11 12:53:04,630 | INFO | KCHOL price fetched: 190.89999389648438
2026-03-11 12:53:04,956 | INFO | KCHOL RSI:25.88 EMA50:196.93596155552265 EMA200:186.34105855896584
2026-03-11 12:53:04,969 | INFO | Score calculated: 70
2026-03-11 12:53:05,259 | INFO | PETKM price fetched: 17.899999618530273
2026-03-11 12:53:05,568 | INFO | PETKM RSI:53.98 EMA50:17.950379293618983 EMA200:17.695282450770325
2026-03-11 12:53:05,568 | INFO | Score calculated: 30
2026-03-11 12:53:05,768 | INFO | PGSUS price fetched: 178.0
2026-03-11 12:53:05,977 | INFO | PGSUS RSI:25.31 EMA50:198.2029267531811 EMA200:204.04929030982717
2026-03-11 12:53:05,977 | INFO | Score calculated: 40
2026-03-11 12:53:06,178 | INFO | SAHOL price fetched: 94.75
2026-03-11 12:53:06,398 | INFO | SAHOL RSI:35.09 EMA50:97.89236643132216 EMA200:92.17029296887537
2026-03-11 12:53:06,398 | INFO | Score calculated: 30
2026-03-11 12:53:06,585 | INFO | SISE price fetched: 41.81999969482422
2026-03-11 12:53:06,796 | INFO | SISE RSI:37.09 EMA50:42.98836609854171 EMA200:40.58449765400588
2026-03-11 12:53:06,796 | INFO | Score calculated: 30
2026-03-11 12:53:06,994 | INFO | TCELL price fetched: 112.0999984741211
2026-03-11 12:53:07,207 | INFO | TCELL RSI:33.33 EMA50:112.19431020534273 EMA200:105.20923343184509
2026-03-11 12:53:07,207 | INFO | Score calculated: 30
2026-03-11 12:53:07,404 | INFO | THYAO price fetched: 293.25
2026-03-11 12:53:07,614 | INFO | THYAO RSI:38.73 EMA50:301.2383923327581 EMA200:296.11027194206434
2026-03-11 12:53:07,614 | INFO | Score calculated: 30
2026-03-11 12:53:07,814 | INFO | TUPRS price fetched: 253.25
2026-03-11 12:53:08,020 | INFO | TUPRS RSI:69.37 EMA50:223.6339257684358 EMA200:208.8143998871449
2026-03-11 12:53:08,020 | INFO | Score calculated: 60
2026-03-11 12:53:09,241 | INFO | Telegram message sent
2026-03-11 12:53:12,927 | INFO | Chart sent for KCHOL
2026-03-11 12:53:15,078 | INFO | Chart sent for EKGYO
2026-03-11 12:53:16,910 | INFO | Chart sent for TUPRS
2026-03-11 12:53:16,910 | INFO | Radar scan completed
2026-03-11 12:53:16,910 | INFO | Next scan in 300 seconds
2026-03-11 12:54:23,782 | INFO | BIST AI SYSTEM STARTING
2026-03-11 12:54:23,782 | INFO | BIST Radar started
2026-03-11 12:54:23,782 | INFO | Radar scanning...
2026-03-11 12:54:23,782 | INFO | BIST AI radar scan started
2026-03-11 12:54:24,820 | INFO | BIST100 EMA50:13076.981768860232 EMA200:12218.598845221884
2026-03-11 12:54:25,021 | INFO | AKBNK price fetched: 75.80000305175781
2026-03-11 12:54:25,226 | INFO | AKBNK RSI:31.94 EMA50:80.63362129463977 EMA200:73.79955649423209
2026-03-11 12:54:25,226 | INFO | Score calculated: 30
2026-03-11 12:54:25,430 | INFO | ASELS price fetched: 334.25
2026-03-11 12:54:25,634 | INFO | ASELS RSI:60.66 EMA50:296.9012480637306 EMA200:257.141185249249
2026-03-11 12:54:25,634 | INFO | Score calculated: 60
2026-03-11 12:54:25,838 | INFO | BIMAS price fetched: 687.5
2026-03-11 12:54:26,026 | INFO | BIMAS RSI:49.29 EMA50:647.2822811285041 EMA200:601.8523235947522
2026-03-11 12:54:26,026 | INFO | Score calculated: 60
2026-03-11 12:54:26,245 | INFO | EKGYO price fetched: 21.100000381469727
2026-03-11 12:54:26,448 | INFO | EKGYO RSI:18.63 EMA50:22.916968117384297 EMA200:21.8196576137015
2026-03-11 12:54:26,448 | INFO | Score calculated: 70
2026-03-11 12:54:26,651 | INFO | ENKAI price fetched: 91.8499984741211
2026-03-11 12:54:26,855 | INFO | ENKAI RSI:33.11 EMA50:91.91291938048809 EMA200:84.35897477962784
2026-03-11 12:54:26,855 | INFO | Score calculated: 30
2026-03-11 12:54:27,168 | INFO | EREGL price fetched: 29.100000381469727
2026-03-11 12:54:27,372 | INFO | EREGL RSI:48.44 EMA50:28.447283918853746 EMA200:27.188326768014008
2026-03-11 12:54:27,372 | INFO | Score calculated: 60
2026-03-11 12:54:27,986 | INFO | FROTO price fetched: 112.0999984741211
2026-03-11 12:54:28,190 | INFO | FROTO RSI:33.95 EMA50:110.9113703983511 EMA200:102.91679171485043
2026-03-11 12:54:28,190 | INFO | Score calculated: 60
2026-03-11 12:54:28,380 | INFO | GARAN price fetched: 139.10000610351562
2026-03-11 12:54:28,599 | INFO | GARAN RSI:33.87 EMA50:149.0783289318675 EMA200:144.5859259509258
2026-03-11 12:54:28,599 | INFO | Score calculated: 30
2026-03-11 12:54:28,804 | INFO | HEKTS price fetched: 2.9100000858306885
2026-03-11 12:54:29,227 | INFO | HEKTS RSI:23.68 EMA50:3.1345490906433415 EMA200:3.240168278389555
2026-03-11 12:54:29,227 | INFO | Score calculated: 40
2026-03-11 12:54:29,419 | INFO | ISCTR price fetched: 14.510000228881836
2026-03-11 12:54:29,620 | INFO | ISCTR RSI:33.22 EMA50:15.576471308069454 EMA200:14.674650612729845
2026-03-11 12:54:29,620 | INFO | Score calculated: 30
2026-03-11 12:54:29,824 | INFO | KCHOL price fetched: 191.0
2026-03-11 12:54:30,033 | INFO | KCHOL RSI:25.93 EMA50:196.93990692502814 EMA200:186.3424368594238
2026-03-11 12:54:30,033 | INFO | Score calculated: 70
2026-03-11 12:54:30,247 | INFO | PETKM price fetched: 17.979999542236328
2026-03-11 12:54:30,554 | INFO | PETKM RSI:54.53 EMA50:17.953535393580232 EMA200:17.696385022789475
2026-03-11 12:54:30,554 | INFO | Score calculated: 60
2026-03-11 12:54:30,764 | INFO | PGSUS price fetched: 177.89999389648438
2026-03-11 12:54:30,965 | INFO | PGSUS RSI:25.26 EMA50:198.19898138367563 EMA200:204.0479120093692
2026-03-11 12:54:30,966 | INFO | Score calculated: 40
2026-03-11 12:54:31,169 | INFO | SAHOL price fetched: 94.75
2026-03-11 12:54:31,376 | INFO | SAHOL RSI:35.09 EMA50:97.89236643132216 EMA200:92.17029296887537
2026-03-11 12:54:31,376 | INFO | Score calculated: 30
2026-03-11 12:54:31,578 | INFO | SISE price fetched: 41.84000015258789
2026-03-11 12:54:31,794 | INFO | SISE RSI:37.15 EMA50:42.98915514234386 EMA200:40.584773303582516
2026-03-11 12:54:31,795 | INFO | Score calculated: 30
2026-03-11 12:54:31,988 | INFO | TCELL price fetched: 112.0999984741211
2026-03-11 12:54:32,199 | INFO | TCELL RSI:33.33 EMA50:112.19431020534273 EMA200:105.20923343184509
2026-03-11 12:54:32,200 | INFO | Score calculated: 30
2026-03-11 12:54:32,501 | INFO | THYAO price fetched: 293.25
2026-03-11 12:54:32,707 | INFO | THYAO RSI:38.84 EMA50:301.24825515454296 EMA200:296.11371748291015
2026-03-11 12:54:32,707 | INFO | Score calculated: 30
2026-03-11 12:54:33,013 | INFO | TUPRS price fetched: 256.0
2026-03-11 12:54:33,218 | INFO | TUPRS RSI:70.37 EMA50:223.74241680806884 EMA200:208.85230083644834
2026-03-11 12:54:33,218 | INFO | Score calculated: 60
2026-03-11 12:54:33,416 | INFO | YKBNK price fetched: 36.2599983215332
2026-03-11 12:54:33,626 | INFO | YKBNK RSI:34.93 EMA50:38.752402299115786 EMA200:36.83708656903302
2026-03-11 12:54:33,626 | INFO | Score calculated: 30
2026-03-11 12:54:33,829 | INFO | HALKB price fetched: 48.560001373291016
2026-03-11 12:54:34,032 | INFO | HALKB RSI:53.05 EMA50:44.560357176284946 EMA200:38.89248426630224
2026-03-11 12:54:34,032 | INFO | Score calculated: 60
2026-03-11 12:54:34,235 | INFO | VAKBN price fetched: 35.20000076293945
2026-03-11 12:54:34,438 | INFO | VAKBN RSI:30.39 EMA50:36.128505466777916 EMA200:32.35945867741137
2026-03-11 12:54:34,438 | INFO | Score calculated: 30
2026-03-11 12:54:34,641 | INFO | TTKOM price fetched: 63.25
2026-03-11 12:54:34,960 | INFO | TTKOM RSI:32.45 EMA50:64.27823893246631 EMA200:60.24179506804801
2026-03-11 12:54:34,970 | INFO | Score calculated: 30
2026-03-11 12:54:35,150 | INFO | ALARK price fetched: 93.8499984741211
2026-03-11 12:54:35,369 | INFO | ALARK RSI:23.13 EMA50:102.87530426421858 EMA200:98.28040769132625
2026-03-11 12:54:35,369 | INFO | Score calculated: 70
2026-03-11 12:54:35,575 | INFO | ARCLK price fetched: 112.5
2026-03-11 12:54:35,874 | INFO | ARCLK RSI:38.18 EMA50:115.645439621999 EMA200:113.94042392373845
2026-03-11 12:54:35,874 | INFO | Score calculated: 30
2026-03-11 12:54:36,078 | INFO | DOAS price fetched: 199.39999389648438
2026-03-11 12:54:36,281 | INFO | DOAS RSI:26.68 EMA50:213.04616416939405 EMA200:202.38500462227483
2026-03-11 12:54:36,281 | INFO | Score calculated: 70
2026-03-11 12:54:36,594 | INFO | TOASO price fetched: 300.75
2026-03-11 12:54:36,798 | INFO | TOASO RSI:30.89 EMA50:301.31619885573207 EMA200:279.61416352038145
2026-03-11 12:54:36,798 | INFO | Score calculated: 30
2026-03-11 12:54:37,002 | INFO | KRDMD price fetched: 31.239999771118164
2026-03-11 12:54:37,326 | INFO | KRDMD RSI:52.94 EMA50:29.84172729720296 EMA200:28.339094646915125
2026-03-11 12:54:37,326 | INFO | Score calculated: 60
2026-03-11 12:54:37,511 | INFO | KONTR price fetched: 8.8100004196167
2026-03-11 12:54:37,714 | INFO | KONTR RSI:27.04 EMA50:10.984399513293006 EMA200:16.520764925393895
2026-03-11 12:54:37,714 | INFO | Score calculated: 40
2026-03-11 12:54:37,918 | INFO | ODAS price fetched: 6.139999866485596
2026-03-11 12:54:38,137 | INFO | ODAS RSI:65.85 EMA50:5.758864119898797 EMA200:5.579751575391862
2026-03-11 12:54:38,137 | INFO | Score calculated: 60
2026-03-11 12:54:38,334 | INFO | OYAKC price fetched: 23.15999984741211
2026-03-11 12:54:38,543 | INFO | OYAKC RSI:36.92 EMA50:24.818768834971014 EMA200:23.878922399920448
2026-03-11 12:54:38,544 | INFO | Score calculated: 30
2026-03-11 12:54:38,843 | INFO | CIMSA price fetched: 48.560001373291016
2026-03-11 12:54:39,047 | INFO | CIMSA RSI:36.57 EMA50:49.69481371187678 EMA200:47.896742236807036
2026-03-11 12:54:39,064 | INFO | Score calculated: 30
2026-03-11 12:54:39,250 | INFO | SASA price fetched: 2.2100000381469727
2026-03-11 12:54:39,461 | INFO | SASA RSI:28.17 EMA50:2.501072818274832 EMA200:2.756853140408021
2026-03-11 12:54:39,461 | INFO | Score calculated: 40
2026-03-11 12:54:39,669 | INFO | ASTOR price fetched: 191.8000030517578
2026-03-11 12:54:39,877 | INFO | ASTOR RSI:54.53 EMA50:163.0585454069088 EMA200:135.61083610208817
2026-03-11 12:54:39,877 | INFO | Score calculated: 60
2026-03-11 12:54:40,093 | INFO | SMRTG price fetched: 7.510000228881836
2026-03-11 12:54:40,300 | INFO | SMRTG RSI:46.05 EMA50:7.766637770588521 EMA200:8.240033271065684
2026-03-11 12:54:40,301 | INFO | Score calculated: 0
2026-03-11 12:54:40,591 | INFO | GESAN price fetched: 45.34000015258789
2026-03-11 12:54:40,799 | INFO | GESAN RSI:38.56 EMA50:49.39912721151236 EMA200:48.33098984707003
2026-03-11 12:54:40,799 | INFO | Score calculated: 30
2026-03-11 12:54:41,810 | INFO | Telegram message sent
2026-03-11 12:54:43,762 | INFO | Chart sent for KCHOL
2026-03-11 12:54:45,506 | INFO | Chart sent for EKGYO
2026-03-11 12:54:47,347 | INFO | Chart sent for DOAS
2026-03-11 12:54:47,347 | INFO | Radar scan completed
2026-03-11 12:54:47,347 | INFO | Next scan in 300 seconds
2026-03-11 15:52:38,858 | INFO | Ultra Radar Updated
2026-03-11 15:55:17,642 | INFO | AI Predictions Updated
2026-03-11 15:59:23,764 | INFO | AI Predictions Updated
2026-03-11 15:59:43,400 | INFO | Telegram Signals Sent
2026-03-11 16:01:28,353 | INFO | AUTO SCAN STARTED
2026-03-11 16:01:28,396 | INFO | Ultra Radar Updated
2026-03-11 16:01:28,459 | INFO | AI Predictions Updated
2026-03-11 16:01:30,603 | INFO | Telegram Signals Sent
2026-03-11 16:01:30,618 | INFO | SCAN COMPLETE
2026-03-11 16:05:28,051 | INFO | Ultra Radar Updated
2026-03-11 16:05:28,114 | INFO | AI Predictions Updated
2026-03-11 16:05:32,389 | INFO | Telegram Signals Sent
2026-03-11 16:07:38,112 | INFO | AI Portfolio Updated
2026-03-11 16:10:11,065 | INFO | AI Portfolio Updated
2026-03-11 16:13:44,262 | INFO | Backtest Completed
2026-03-11 16:27:39,788 | INFO | Signal sent HALKB
2026-03-11 16:27:40,394 | INFO | Signal sent ASELS
2026-03-11 16:27:41,048 | INFO | Signal sent EREGL
2026-03-11 16:30:32,942 | INFO | Decision Engine Completed
2026-03-11 16:42:24,500 | INFO | Momentum Engine Completed
2026-03-11 16:45:38,192 | INFO | Momentum Engine Completed
2026-03-11 16:52:28,262 | INFO | Market Regime: SIDEWAYS
2026-03-11 16:59:47,569 | INFO | Signal sent HALKB
2026-03-11 16:59:48,287 | INFO | Signal sent ALARK
2026-03-11 16:59:49,093 | INFO | Signal sent ASELS
2026-03-11 16:59:49,756 | INFO | Signal sent EREGL
2026-03-11 16:59:50,893 | INFO | Signal sent KCHOL
2026-03-11 17:14:53,015 | INFO | Risk Engine Updated
2026-03-11 17:17:31,122 | INFO | Risk Engine Updated
2026-03-11 17:20:39,450 | INFO | Ultra signals generated
2026-03-11 17:24:29,803 | INFO | Ultra signal sent HALKB
2026-03-11 17:24:30,616 | INFO | Ultra signal sent ASELS
2026-03-11 17:24:31,445 | INFO | Ultra signal sent EREGL
2026-03-11 17:29:49,763 | INFO | Smart Money Engine Updated
