2026-05-27 00:04:20 | ENGINE STARTED
2026-05-27 00:04:20 | PORTFOLIO CHECK STARTED
2026-05-27 00:04:26 | PORTFOLIO CHECK OK
2026-05-27 00:04:26 | MARKET SCAN STARTED
2026-05-27 00:05:02 | SCAN COMPLETE | SIGNALS=14
2026-05-27 00:05:02 | WAITING 300 SECONDS
2026-05-27 00:11:17 | ENGINE STARTED
2026-05-27 00:11:17 | PORTFOLIO CHECK STARTED
2026-05-27 00:11:22 | PORTFOLIO CHECK OK
2026-05-27 00:11:22 | MARKET SCAN STARTED
2026-05-27 00:11:22 | MARKET SCAN STARTED
2026-05-27 00:11:24 | SIGNAL SENT | ASELS.IS | BUY
2026-05-27 00:11:26 | SIGNAL SENT | BIMAS.IS | BUY
2026-05-27 00:11:27 | SIGNAL SENT | HEKTS.IS | BUY
2026-05-27 00:11:30 | SIGNAL SENT | EREGL.IS | BUY
2026-05-27 00:11:30 | MARKET SCAN COMPLETE | SIGNALS=4
2026-05-27 00:11:30 | SCAN COMPLETE | SIGNALS=4
2026-05-27 00:11:30 | WAITING 300 SECONDS
2026-05-27 00:16:34 | ENGINE STARTED
2026-05-27 00:16:34 | PORTFOLIO CHECK STARTED
2026-05-27 00:16:38 | PORTFOLIO CHECK OK
2026-05-27 00:16:38 | MARKET SCAN STARTED
2026-05-27 00:16:41 | SIGNAL SENT | ASELS.IS | BUY
2026-05-27 00:16:42 | SIGNAL SENT | BIMAS.IS | BUY
2026-05-27 00:16:43 | SIGNAL SENT | HEKTS.IS | BUY
2026-05-27 00:16:46 | SIGNAL SENT | EREGL.IS | BUY
2026-05-27 00:16:46 | MARKET SCAN COMPLETE | SIGNALS=4
2026-05-27 00:16:46 | SCAN COMPLETE | SIGNALS=4
2026-05-27 00:16:46 | WAITING 300 SECONDS
2026-05-27 01:02:01 | ENGINE STARTED
2026-05-27 01:02:01 | PORTFOLIO CHECK STARTED
2026-05-27 01:02:06 | PORTFOLIO CHECK OK
2026-05-27 01:02:06 | PORTFOLIO ALERT CHECK STARTED
2026-05-27 01:02:10 | PORTFOLIO ALERT CHECK OK
2026-05-27 01:02:10 | MARKET SCAN STARTED
2026-05-27 01:02:13 | SIGNAL SENT | ASELS.IS | BUY
2026-05-27 01:02:15 | SIGNAL SENT | BIMAS.IS | BUY
2026-05-27 01:02:16 | SIGNAL SENT | HEKTS.IS | BUY
2026-05-27 01:02:18 | SIGNAL SENT | EREGL.IS | BUY
2026-05-27 01:02:18 | MARKET SCAN COMPLETE | SIGNALS=4
2026-05-27 01:02:18 | WAITING 300 SECONDS
2026-05-27 01:09:19 | ENGINE STARTED
2026-05-27 01:09:19 | PORTFOLIO CHECK STARTED
2026-05-27 01:09:23 | PORTFOLIO CHECK OK
2026-05-27 01:09:23 | TRADE HISTORY CHECK STARTED
2026-05-27 01:09:23 | TRADE HISTORY CHECK OK
2026-05-27 01:09:23 | PORTFOLIO ALERT CHECK STARTED
2026-05-27 01:09:27 | PORTFOLIO ALERT CHECK OK
2026-05-27 01:09:27 | MARKET SCAN STARTED
2026-05-27 01:09:30 | SIGNAL SENT | ASELS.IS | BUY
2026-05-27 01:09:31 | SIGNAL SENT | BIMAS.IS | BUY
2026-05-27 01:09:32 | SIGNAL SENT | HEKTS.IS | BUY
2026-05-27 01:09:35 | SIGNAL SENT | EREGL.IS | BUY
2026-05-27 01:09:35 | MARKET SCAN COMPLETE | SIGNALS=4
2026-05-27 01:09:35 | SCAN COMPLETE | SIGNALS=4
2026-05-27 01:09:35 | WAITING 300 SECONDS
2026-05-27 01:15:33 | ENGINE STARTED
2026-05-27 01:15:33 | PORTFOLIO CHECK STARTED
2026-05-27 01:15:39 | PORTFOLIO CHECK OK
2026-05-27 01:15:39 | TRADE HISTORY CHECK STARTED
2026-05-27 01:15:39 | TRADE HISTORY CHECK OK
2026-05-27 01:15:39 | PORTFOLIO ALERT CHECK STARTED
2026-05-27 01:15:44 | PORTFOLIO ALERT CHECK OK
2026-05-27 01:15:44 | MARKET SCAN STARTED
2026-05-27 01:15:48 | MARKET SCAN COMPLETE | SIGNALS=0
2026-05-27 01:15:48 | SCAN COMPLETE | SIGNALS=0
2026-05-27 01:15:48 | WAITING 300 SECONDS
2026-06-05 17:03:07 | SIGNAL SENT | HEKTS.IS | BUY
2026-06-05 17:03:09 | SIGNAL SENT | PETKM.IS | BUY
2026-06-05 17:03:11 | MARKET SCAN COMPLETE | SIGNALS=2
2026-06-08 17:44:26 | ENGINE STARTED
2026-06-08 17:44:26 | PORTFOLIO CHECK STARTED
2026-06-08 17:44:36 | PORTFOLIO CHECK OK
2026-06-08 17:44:36 | TRADE HISTORY CHECK STARTED
2026-06-08 17:44:37 | TRADE HISTORY CHECK OK
2026-06-08 17:44:37 | PORTFOLIO ALERT CHECK STARTED
2026-06-08 17:44:49 | PORTFOLIO ALERT CHECK OK
2026-06-08 17:44:49 | MARKET SCAN STARTED
2026-06-08 17:44:59 | MARKET SCAN COMPLETE | SIGNALS=0
2026-06-08 17:44:59 | SCAN COMPLETE | SIGNALS=0
2026-06-08 17:44:59 | AUTO REPORT CHECK STARTED
2026-06-08 17:44:59 | AUTO REPORT CHECK OK
2026-06-08 17:44:59 | WAITING 300 SECONDS
